<?xml version="1.0" encoding="UTF-8"?>
<testng-results ignored="0" total="2" passed="2" failed="0" skipped="0">
  <reporter-output>
  </reporter-output>
  <suite started-at="2023-10-15T21:39:18 IST" name="Default suite" finished-at="2023-10-15T21:39:39 IST" duration-ms="20965">
    <groups>
    </groups>
    <test started-at="2023-10-15T21:39:18 IST" name="Default test" finished-at="2023-10-15T21:39:39 IST" duration-ms="20965">
      <class name="com.TestNGDemo.D09POMClient">
        <test-method is-config="true" signature="beforeTest()[pri:0, instance:com.TestNGDemo.D09POMClient@76494737]" started-at="2023-10-15T21:39:18 IST" name="beforeTest" finished-at="2023-10-15T21:39:23 IST" duration-ms="5738" status="PASS">
          <reporter-output>
          </reporter-output>
        </test-method> <!-- beforeTest -->
        <test-method signature="login1()[pri:0, instance:com.TestNGDemo.D09POMClient@76494737]" started-at="2023-10-15T21:39:23 IST" name="login1" finished-at="2023-10-15T21:39:33 IST" duration-ms="9169" status="PASS">
          <reporter-output>
          </reporter-output>
        </test-method> <!-- login1 -->
        <test-method signature="login2()[pri:0, instance:com.TestNGDemo.D09POMClient@76494737]" started-at="2023-10-15T21:39:33 IST" name="login2" finished-at="2023-10-15T21:39:38 IST" duration-ms="5599" status="PASS">
          <reporter-output>
          </reporter-output>
        </test-method> <!-- login2 -->
        <test-method is-config="true" signature="afterTest()[pri:0, instance:com.TestNGDemo.D09POMClient@76494737]" started-at="2023-10-15T21:39:38 IST" name="afterTest" finished-at="2023-10-15T21:39:39 IST" duration-ms="364" status="PASS">
          <reporter-output>
          </reporter-output>
        </test-method> <!-- afterTest -->
      </class> <!-- com.TestNGDemo.D09POMClient -->
    </test> <!-- Default test -->
  </suite> <!-- Default suite -->
</testng-results>
